An object of class "mpfr"
[[1]]
'mpfr1' 0.000286181353257194047305478387938255544213218279634077

[1] 50
[1] 166.0964
[1] "ll"
3 'mpfr' numbers of precision  166   bits 
[1] 1.19999999999999999999999999999999999999999999999999
[2] 7.79999999999999999999999999999999999999999999999997
[3] 5.60000000000000000000000000000000000000000000000002
'mpfrMatrix' of dim(.) =  (3, 6) of precision  166   bits 
     [,1]                                                    
[1,] -1.25813584677303375646757525555200792354355235517716e-6
[2,]  2.16974592857070073340669853017119334445677676183893e-6
[3,] -9.11610081797666976939123274619185420913224406661656e-7
     [,2]                                                   
[1,] 2.88405585549065286394229260955196338696780963405994e-6
[2,] 1.40855637330163523021156166876687305640144852080036e-6
[3,] 6.01662653986460204779821361248662377802728108396476e-6
     [,3]                                                     
[1,]  -2.92128722837870389932418675261962943259925417178425e-6
[2,]   2.58235335105299792205452972607260060340265562146730e-7
[3,] -2.76736608403350900573913287428247175467183180106812e-55
     [,4]                                                   
[1,] 1.65109217382951054641361494360766901080057293797529e-6
[2,]                                                      0.
[3,] 2.15707203355145732676617436181001919152978077380653e-6
     [,5]                                                    
[1,] -5.27284274868134013209509288442449135707279744708243e-7
[2,]                                                       0.
[3,]                                                       0.
     [,6]                                                   
[1,] 7.73350269806596552707280289715592065704010292238771e-8
[2,]                                                      0.
[3,]                                                      0.
3 'mpfr' numbers of precision  166   bits 
[1] 3.01627423813212195387263226534167522900202248061811e-6
[2] 5.76974696694615251169733247877333401715882311106569e-7
[3] 2.38270184012158177962728639386823007120778890043485e-6
An object of class "mpfr"
[[1]]
'mpfr1' 3.73280740846104203499915539639241341127084604323844e-5

[1] 50
[1] 166.0964
[1] "ll"
3 'mpfr' numbers of precision  166   bits 
[1] 1.19999999999999999999999999999999999999999999999999
[2] 7.79999999999999999999999999999999999999999999999997
[3] 5.60000000000000000000000000000000000000000000000002
'mpfrMatrix' of dim(.) =  (3, 6) of precision  166   bits 
     [,1]                                                    
[1,] -1.25813584677303375646757525555200792354355235517716e-6
[2,]  2.16974592857070073340669853017119334445677676183893e-6
[3,] -9.11610081797666976939123274619185420913224406661656e-7
     [,2]                                                   
[1,] 2.88405585549065286394229260955196338696780963405994e-6
[2,] 1.40855637330163523021156166876687305640144852080036e-6
[3,] 6.01662653986460204779821361248662377802728108396476e-6
     [,3]                                                     
[1,]  -2.92128722837870389932418675261962943259925417178425e-6
[2,]   2.58235335105299792205452972607260060340265562146730e-7
[3,] -2.76736608403350900573913287428247175467183180106812e-55
     [,4]                                                   
[1,] 1.65109217382951054641361494360766901080057293797529e-6
[2,]                                                      0.
[3,] 2.15707203355145732676617436181001919152978077380653e-6
     [,5]                                                    
[1,] -5.27284274868134013209509288442449135707279744708243e-7
[2,]                                                       0.
[3,]                                                       0.
     [,6]                                                   
[1,] 7.73350269806596552707280289715592065704010292238771e-8
[2,]                                                      0.
[3,]                                                      0.
3 'mpfr' numbers of precision  166   bits 
[1] 3.01627423813212195387263226534167522900202248061811e-6
[2] 5.76974696694615251169733247877333401715882311106569e-7
[3] 2.38270184012158177962728639386823007120778890043485e-6
An object of class "mpfr"
[[1]]
'mpfr1' 3.73280740846104203499915539639241341127084604323844e-5

